<?xml version="1.0" encoding="UTF-8"?>
<testsuite name="sps2plc.core.models.ScopeCodeTests" tests="1" skipped="0" failures="0" errors="0" timestamp="2019-09-29T04:26:30" hostname="yaoxinyandeMacBook-Pro.local" time="0.003">
  <properties/>
  <testcase name="ScopeCodeTest1()" classname="sps2plc.core.models.ScopeCodeTests" time="0.003"/>
  <system-out><![CDATA[expressions: 
Q, R, 

intermediates: 
M0, 

timers: 
Tn1=t1, Tn2=t2-t1, 

codes: 
LD=Q
O=M0
AN=R
AN=Tn2
==M0
LD=M0
TON=Tn1,t1
LD=Tn1
TON=Tn2,t2-t1
LD=Tn1
==P


]]></system-out>
  <system-err><![CDATA[]]></system-err>
</testsuite>
